<?xml version="1.0" encoding="UTF-8"?>
<testsuite name="answer.king.service.OrderServiceTest" time="0.601" tests="4" errors="1" skipped="0" failures="0">
  <properties>
[...]
</properties>
  <testcase name="testAddItem" classname="answer.king.service.OrderServiceTest" time="0.095"/>
  <testcase name="testPay" classname="answer.king.service.OrderServiceTest" time="0.001"/>
  <testcase name="testSave" classname="answer.king.service.OrderServiceTest" time="0"/>
  <testcase name="testGetAll" classname="answer.king.service.OrderServiceTest" time="0.505">
    <error message="JSON element items.price[0] doesn&apos;t match (a collection containing &lt;1.99&gt;), was &lt;[12.0, 0.99]&gt;." type="com.jayway.restassured.exception.AssertionFailedException"><![CDATA[com.jayway.restassured.exception.AssertionFailedException: JSON element items.price[0] doesn't match (a collection containing <1.99>), was <[12.0, 0.99]>.
	at sun.reflect.NativeConstructorAccessorImpl.newInstance0(Native Method)
	at sun.reflect.NativeConstructorAccessorImpl.newInstance(NativeConstructorAccessorImpl.java:57)
	at sun.reflect.DelegatingConstructorAccessorImpl.newInstance(DelegatingConstructorAccessorImpl.java:45)
	at java.lang.reflect.Constructor.newInstance(Constructor.java:526)
	at org.codehaus.groovy.reflection.CachedConstructor.invoke(CachedConstructor.java:77)
	at org.codehaus.groovy.runtime.callsite.ConstructorSite$ConstructorSiteNoUnwrapNoCoerce.callConstructor(ConstructorSite.java:102)
	at org.codehaus.groovy.runtime.callsite.CallSiteArray.defaultCallConstructor(CallSiteArray.java:57)
	at org.codehaus.groovy.runtime.callsite.AbstractCallSite.callConstructor(AbstractCallSite.java:182)
	at org.codehaus.groovy.runtime.callsite.AbstractCallSite.callConstructor(AbstractCallSite.java:190)
	at com.jayway.restassured.assertion.BodyMatcher.isFulfilled(BodyMatcher.groovy:51)
	at com.jayway.restassured.assertion.BodyMatcher$isFulfilled$1.call(Unknown Source)
	at com.jayway.restassured.assertion.BodyMatcherGroup$_isFulfilled_closure1.doCall(BodyMatcherGroup.groovy:33)
	at sun.reflect.NativeMethodAccessorImpl.invoke0(Native Method)
	at sun.reflect.NativeMethodAccessorImpl.invoke(NativeMethodAccessorImpl.java:57)
	at sun.reflect.DelegatingMethodAccessorImpl.invoke(DelegatingMethodAccessorImpl.java:43)
	at java.lang.reflect.Method.invoke(Method.java:606)
	at org.codehaus.groovy.reflection.CachedMethod.invoke(CachedMethod.java:90)
	at groovy.lang.MetaMethod.doMethodInvoke(MetaMethod.java:324)
	at org.codehaus.groovy.runtime.metaclass.ClosureMetaClass.invokeMethod(ClosureMetaClass.java:278)
	at groovy.lang.MetaClassImpl.invokeMethod(MetaClassImpl.java:1016)
	at groovy.lang.Closure.call(Closure.java:423)
	at groovy.lang.Closure.call(Closure.java:439)
	at org.codehaus.groovy.runtime.DefaultGroovyMethods.each(DefaultGroovyMethods.java:1379)
	at org.codehaus.groovy.runtime.DefaultGroovyMethods.each(DefaultGroovyMethods.java:1372)
	at org.codehaus.groovy.runtime.dgm$149.invoke(Unknown Source)
	at org.codehaus.groovy.runtime.callsite.PojoMetaMethodSite$PojoMetaMethodSiteNoUnwrapNoCoerce.invoke(PojoMetaMethodSite.java:271)
	at org.codehaus.groovy.runtime.callsite.PojoMetaMethodSite.call(PojoMetaMethodSite.java:53)
	at org.codehaus.groovy.runtime.callsite.AbstractCallSite.call(AbstractCallSite.java:116)
	at com.jayway.restassured.assertion.BodyMatcherGroup.isFulfilled(BodyMatcherGroup.groovy:32)
	at com.jayway.restassured.assertion.BodyMatcherGroup$isFulfilled$3.call(Unknown Source)
	at com.jayway.restassured.internal.ResponseSpecificationImpl$HamcrestAssertionClosure.validate(ResponseSpecificationImpl.groovy:328)
	at com.jayway.restassured.internal.ResponseSpecificationImpl$HamcrestAssertionClosure$validate$3.call(Unknown Source)
	at com.jayway.restassured.internal.RequestSpecificationImpl.invokeFilterChain(RequestSpecificationImpl.groovy:466)
	at com.jayway.restassured.internal.RequestSpecificationImpl$invokeFilterChain$3.callCurrent(Unknown Source)
	at com.jayway.restassured.internal.RequestSpecificationImpl.applyPathParamsAndSendRequest(RequestSpecificationImpl.groovy:681)
	at com.jayway.restassured.internal.RequestSpecificationImpl.this$2$applyPathParamsAndSendRequest(RequestSpecificationImpl.groovy)
	at com.jayway.restassured.internal.RequestSpecificationImpl$this$2$applyPathParamsAndSendRequest$1.callCurrent(Unknown Source)
	at com.jayway.restassured.internal.RequestSpecificationImpl.get(RequestSpecificationImpl.groovy:107)
	at com.jayway.restassured.specification.RequestSender$get.call(Unknown Source)
	at com.jayway.restassured.internal.ResponseSpecificationImpl.get(ResponseSpecificationImpl.groovy:218)
	at answer.king.service.OrderServiceTest.testGetAll(OrderServiceTest.java:56)
]]></error>
    <system-out>21:58:44.575 [main] DEBUG c.j.r.i.RequestSpecificationImpl$1 - GET http://localhost:8888/order
21:58:44.589 [main] DEBUG o.a.h.i.conn.SingleClientConnManager - Get connection for route HttpRoute[{}-&gt;http://localhost:8888]
21:58:44.590 [main] DEBUG o.a.h.i.c.DefaultClientConnectionOperator - Connecting to localhost/127.0.0.1:8888
21:58:44.592 [main] DEBUG o.a.h.c.protocol.RequestAddCookies - CookieSpec selected: best-match
21:58:44.593 [main] DEBUG o.a.h.c.protocol.RequestAuthCache - Auth cache not set in the context
21:58:44.593 [main] DEBUG o.a.h.impl.client.DefaultHttpClient - Attempt 1 to execute request
21:58:44.593 [main] DEBUG o.a.h.i.conn.DefaultClientConnection - Sending request: GET /order HTTP/1.1
21:58:44.594 [main] DEBUG org.apache.http.wire - &gt;&gt; "GET /order HTTP/1.1[\r][\n]"
21:58:44.594 [main] DEBUG org.apache.http.wire - &gt;&gt; "Accept: application/json, application/javascript, text/javascript[\r][\n]"
21:58:44.594 [main] DEBUG org.apache.http.wire - &gt;&gt; "Host: localhost:8888[\r][\n]"
21:58:44.595 [main] DEBUG org.apache.http.wire - &gt;&gt; "Connection: Keep-Alive[\r][\n]"
21:58:44.595 [main] DEBUG org.apache.http.wire - &gt;&gt; "Accept-Encoding: gz?p,deflate[\r][\n]"
21:58:44.595 [main] DEBUG org.apache.http.wire - &gt;&gt; "[\r][\n]"
21:58:44.596 [main] DEBUG org.apache.http.headers - &gt;&gt; GET /order HTTP/1.1
21:58:44.596 [main] DEBUG org.apache.http.headers - &gt;&gt; Accept: application/json, application/javascript, text/javascript
21:58:44.596 [main] DEBUG org.apache.http.headers - &gt;&gt; Host: localhost:8888
21:58:44.596 [main] DEBUG org.apache.http.headers - &gt;&gt; Connection: Keep-Alive
21:58:44.596 [main] DEBUG org.apache.http.headers - &gt;&gt; Accept-Encoding: gzýp,deflate
21:58:44.612 [main] DEBUG org.apache.http.wire - &lt;&lt; "HTTP/1.1 200 OK[\r][\n]"
21:58:44.613 [main] DEBUG org.apache.http.wire - &lt;&lt; "Server: Apache-Coyote/1.1[\r][\n]"
21:58:44.613 [main] DEBUG org.apache.http.wire - &lt;&lt; "Content-Type: application/json;charset=UTF-8[\r][\n]"
21:58:44.614 [main] DEBUG org.apache.http.wire - &lt;&lt; "Transfer-Encoding: chunked[\r][\n]"
21:58:44.614 [main] DEBUG org.apache.http.wire - &lt;&lt; "Date: Sun, 30 Nov 2014 19:58:44 GMT[\r][\n]"
21:58:44.614 [main] DEBUG org.apache.http.wire - &lt;&lt; "[\r][\n]"
21:58:44.614 [main] DEBUG o.a.h.i.conn.DefaultClientConnection - Receiving response: HTTP/1.1 200 OK
21:58:44.615 [main] DEBUG org.apache.http.headers - &lt;&lt; HTTP/1.1 200 OK
21:58:44.615 [main] DEBUG org.apache.http.headers - &lt;&lt; Server: Apache-Coyote/1.1
21:58:44.615 [main] DEBUG org.apache.http.headers - &lt;&lt; Content-Type: application/json;charset=UTF-8
21:58:44.615 [main] DEBUG org.apache.http.headers - &lt;&lt; Transfer-Encoding: chunked
21:58:44.615 [main] DEBUG org.apache.http.headers - &lt;&lt; Date: Sun, 30 Nov 2014 19:58:44 GMT
21:58:44.616 [main] DEBUG o.a.h.impl.client.DefaultHttpClient - Connection can be kept alive indefinitely
21:58:44.616 [main] DEBUG c.j.r.i.RequestSpecificationImpl$1 - Response code: 200; found handler: com.jayway.restassured.internal.ResponseSpecificationImpl$_HamcrestAssertionClosure_getClosure_closure1@5e1defd9
21:58:44.616 [main] DEBUG c.j.r.i.RequestSpecificationImpl$1 - Parsing response as: application/json
21:58:44.617 [main] DEBUG org.apache.http.wire - &lt;&lt; "6d[\r][\n]"
21:58:44.617 [main] DEBUG org.apache.http.wire - &lt;&lt; "[{"id":1,"paid":false,"items":[{"id":1,"name":"burger","price":12.00},{"id":2,"name":"chips","price":0.99}]}]"
21:58:44.618 [main] DEBUG org.apache.http.wire - &lt;&lt; "[\r][\n]"
21:58:44.618 [main] DEBUG org.apache.http.wire - &lt;&lt; "0[\r][\n]"
21:58:44.619 [main] DEBUG org.apache.http.wire - &lt;&lt; "[\r][\n]"
21:58:44.619 [main] DEBUG o.a.h.i.conn.SingleClientConnManager - Releasing connection org.apache.http.impl.conn.SingleClientConnManager$ConnAdapter@7f6dbfd4
21:58:44.625 [main] DEBUG c.j.r.i.RequestSpecificationImpl$1 - Parsed data to instance of: class net.sf.json.JSONArray
21:58:44.667 [main] DEBUG c.j.r.i.RequestSpecificationImpl$1 - GET http://localhost:8888/order
21:58:44.680 [main] DEBUG o.a.h.i.conn.SingleClientConnManager - Get connection for route HttpRoute[{}-&gt;http://localhost:8888]
21:58:44.680 [main] DEBUG o.a.h.i.c.DefaultClientConnectionOperator - Connecting to localhost/127.0.0.1:8888
21:58:44.682 [main] DEBUG o.a.h.c.protocol.RequestAddCookies - CookieSpec selected: best-match
21:58:44.682 [main] DEBUG o.a.h.c.protocol.RequestAuthCache - Auth cache not set in the context
21:58:44.683 [main] DEBUG o.a.h.impl.client.DefaultHttpClient - Attempt 1 to execute request
21:58:44.683 [main] DEBUG o.a.h.i.conn.DefaultClientConnection - Sending request: GET /order HTTP/1.1
21:58:44.683 [main] DEBUG org.apache.http.wire - &gt;&gt; "GET /order HTTP/1.1[\r][\n]"
21:58:44.683 [main] DEBUG org.apache.http.wire - &gt;&gt; "Accept: application/json, application/javascript, text/javascript[\r][\n]"
21:58:44.684 [main] DEBUG org.apache.http.wire - &gt;&gt; "Host: localhost:8888[\r][\n]"
21:58:44.684 [main] DEBUG org.apache.http.wire - &gt;&gt; "Connection: Keep-Alive[\r][\n]"
21:58:44.684 [main] DEBUG org.apache.http.wire - &gt;&gt; "Accept-Encoding: gz?p,deflate[\r][\n]"
21:58:44.684 [main] DEBUG org.apache.http.wire - &gt;&gt; "[\r][\n]"
21:58:44.685 [main] DEBUG org.apache.http.headers - &gt;&gt; GET /order HTTP/1.1
21:58:44.685 [main] DEBUG org.apache.http.headers - &gt;&gt; Accept: application/json, application/javascript, text/javascript
21:58:44.685 [main] DEBUG org.apache.http.headers - &gt;&gt; Host: localhost:8888
21:58:44.685 [main] DEBUG org.apache.http.headers - &gt;&gt; Connection: Keep-Alive
21:58:44.685 [main] DEBUG org.apache.http.headers - &gt;&gt; Accept-Encoding: gzýp,deflate
21:58:44.699 [main] DEBUG org.apache.http.wire - &lt;&lt; "HTTP/1.1 200 OK[\r][\n]"
21:58:44.700 [main] DEBUG org.apache.http.wire - &lt;&lt; "Server: Apache-Coyote/1.1[\r][\n]"
21:58:44.700 [main] DEBUG org.apache.http.wire - &lt;&lt; "Content-Type: application/json;charset=UTF-8[\r][\n]"
21:58:44.701 [main] DEBUG org.apache.http.wire - &lt;&lt; "Transfer-Encoding: chunked[\r][\n]"
21:58:44.701 [main] DEBUG org.apache.http.wire - &lt;&lt; "Date: Sun, 30 Nov 2014 19:58:44 GMT[\r][\n]"
21:58:44.701 [main] DEBUG org.apache.http.wire - &lt;&lt; "[\r][\n]"
21:58:44.701 [main] DEBUG o.a.h.i.conn.DefaultClientConnection - Receiving response: HTTP/1.1 200 OK
21:58:44.701 [main] DEBUG org.apache.http.headers - &lt;&lt; HTTP/1.1 200 OK
21:58:44.701 [main] DEBUG org.apache.http.headers - &lt;&lt; Server: Apache-Coyote/1.1
21:58:44.702 [main] DEBUG org.apache.http.headers - &lt;&lt; Content-Type: application/json;charset=UTF-8
21:58:44.702 [main] DEBUG org.apache.http.headers - &lt;&lt; Transfer-Encoding: chunked
21:58:44.702 [main] DEBUG org.apache.http.headers - &lt;&lt; Date: Sun, 30 Nov 2014 19:58:44 GMT
21:58:44.702 [main] DEBUG o.a.h.impl.client.DefaultHttpClient - Connection can be kept alive indefinitely
21:58:44.702 [main] DEBUG c.j.r.i.RequestSpecificationImpl$1 - Response code: 200; found handler: com.jayway.restassured.internal.ResponseSpecificationImpl$_HamcrestAssertionClosure_getClosure_closure1@23d582a7
21:58:44.703 [main] DEBUG c.j.r.i.RequestSpecificationImpl$1 - Parsing response as: application/json
21:58:44.703 [main] DEBUG org.apache.http.wire - &lt;&lt; "6d[\r][\n]"
21:58:44.703 [main] DEBUG org.apache.http.wire - &lt;&lt; "[{"id":1,"paid":false,"items":[{"id":1,"name":"burger","price":12.00},{"id":2,"name":"chips","price":0.99}]}]"
21:58:44.704 [main] DEBUG org.apache.http.wire - &lt;&lt; "[\r][\n]"
21:58:44.704 [main] DEBUG org.apache.http.wire - &lt;&lt; "0[\r][\n]"
21:58:44.704 [main] DEBUG org.apache.http.wire - &lt;&lt; "[\r][\n]"
21:58:44.704 [main] DEBUG o.a.h.i.conn.SingleClientConnManager - Releasing connection org.apache.http.impl.conn.SingleClientConnManager$ConnAdapter@1674b452
21:58:44.708 [main] DEBUG c.j.r.i.RequestSpecificationImpl$1 - Parsed data to instance of: class net.sf.json.JSONArray
21:58:44.752 [main] DEBUG c.j.r.i.RequestSpecificationImpl$1 - GET http://localhost:8888/order
21:58:44.767 [main] DEBUG o.a.h.i.conn.SingleClientConnManager - Get connection for route HttpRoute[{}-&gt;http://localhost:8888]
21:58:44.767 [main] DEBUG o.a.h.i.c.DefaultClientConnectionOperator - Connecting to localhost/127.0.0.1:8888
21:58:44.769 [main] DEBUG o.a.h.c.protocol.RequestAddCookies - CookieSpec selected: best-match
21:58:44.770 [main] DEBUG o.a.h.c.protocol.RequestAuthCache - Auth cache not set in the context
21:58:44.770 [main] DEBUG o.a.h.impl.client.DefaultHttpClient - Attempt 1 to execute request
21:58:44.770 [main] DEBUG o.a.h.i.conn.DefaultClientConnection - Sending request: GET /order HTTP/1.1
21:58:44.771 [main] DEBUG org.apache.http.wire - &gt;&gt; "GET /order HTTP/1.1[\r][\n]"
21:58:44.771 [main] DEBUG org.apache.http.wire - &gt;&gt; "Accept: application/json, application/javascript, text/javascript[\r][\n]"
21:58:44.771 [main] DEBUG org.apache.http.wire - &gt;&gt; "Host: localhost:8888[\r][\n]"
21:58:44.772 [main] DEBUG org.apache.http.wire - &gt;&gt; "Connection: Keep-Alive[\r][\n]"
21:58:44.772 [main] DEBUG org.apache.http.wire - &gt;&gt; "Accept-Encoding: gz?p,deflate[\r][\n]"
21:58:44.772 [main] DEBUG org.apache.http.wire - &gt;&gt; "[\r][\n]"
21:58:44.772 [main] DEBUG org.apache.http.headers - &gt;&gt; GET /order HTTP/1.1
21:58:44.773 [main] DEBUG org.apache.http.headers - &gt;&gt; Accept: application/json, application/javascript, text/javascript
21:58:44.773 [main] DEBUG org.apache.http.headers - &gt;&gt; Host: localhost:8888
21:58:44.773 [main] DEBUG org.apache.http.headers - &gt;&gt; Connection: Keep-Alive
21:58:44.773 [main] DEBUG org.apache.http.headers - &gt;&gt; Accept-Encoding: gzýp,deflate
21:58:44.791 [main] DEBUG org.apache.http.wire - &lt;&lt; "HTTP/1.1 200 OK[\r][\n]"
21:58:44.792 [main] DEBUG org.apache.http.wire - &lt;&lt; "Server: Apache-Coyote/1.1[\r][\n]"
21:58:44.792 [main] DEBUG org.apache.http.wire - &lt;&lt; "Content-Type: application/json;charset=UTF-8[\r][\n]"
21:58:44.792 [main] DEBUG org.apache.http.wire - &lt;&lt; "Transfer-Encoding: chunked[\r][\n]"
21:58:44.793 [main] DEBUG org.apache.http.wire - &lt;&lt; "Date: Sun, 30 Nov 2014 19:58:44 GMT[\r][\n]"
21:58:44.793 [main] DEBUG org.apache.http.wire - &lt;&lt; "[\r][\n]"
21:58:44.793 [main] DEBUG o.a.h.i.conn.DefaultClientConnection - Receiving response: HTTP/1.1 200 OK
21:58:44.793 [main] DEBUG org.apache.http.headers - &lt;&lt; HTTP/1.1 200 OK
21:58:44.793 [main] DEBUG org.apache.http.headers - &lt;&lt; Server: Apache-Coyote/1.1
21:58:44.794 [main] DEBUG org.apache.http.headers - &lt;&lt; Content-Type: application/json;charset=UTF-8
21:58:44.794 [main] DEBUG org.apache.http.headers - &lt;&lt; Transfer-Encoding: chunked
21:58:44.794 [main] DEBUG org.apache.http.headers - &lt;&lt; Date: Sun, 30 Nov 2014 19:58:44 GMT
21:58:44.794 [main] DEBUG o.a.h.impl.client.DefaultHttpClient - Connection can be kept alive indefinitely
21:58:44.795 [main] DEBUG c.j.r.i.RequestSpecificationImpl$1 - Response code: 200; found handler: com.jayway.restassured.internal.ResponseSpecificationImpl$_HamcrestAssertionClosure_getClosure_closure1@5a04648b
21:58:44.795 [main] DEBUG c.j.r.i.RequestSpecificationImpl$1 - Parsing response as: application/json
21:58:44.796 [main] DEBUG org.apache.http.wire - &lt;&lt; "6d[\r][\n]"
21:58:44.796 [main] DEBUG org.apache.http.wire - &lt;&lt; "[{"id":1,"paid":false,"items":[{"id":1,"name":"burger","price":12.00},{"id":2,"name":"chips","price":0.99}]}]"
21:58:44.796 [main] DEBUG org.apache.http.wire - &lt;&lt; "[\r][\n]"
21:58:44.797 [main] DEBUG org.apache.http.wire - &lt;&lt; "0[\r][\n]"
21:58:44.797 [main] DEBUG org.apache.http.wire - &lt;&lt; "[\r][\n]"
21:58:44.797 [main] DEBUG o.a.h.i.conn.SingleClientConnManager - Releasing connection org.apache.http.impl.conn.SingleClientConnManager$ConnAdapter@56650fd8
21:58:44.802 [main] DEBUG c.j.r.i.RequestSpecificationImpl$1 - Parsed data to instance of: class net.sf.json.JSONArray
21:58:44.864 [main] DEBUG c.j.r.i.RequestSpecificationImpl$1 - GET http://localhost:8888/order
21:58:44.878 [main] DEBUG o.a.h.i.conn.SingleClientConnManager - Get connection for route HttpRoute[{}-&gt;http://localhost:8888]
21:58:44.878 [main] DEBUG o.a.h.i.c.DefaultClientConnectionOperator - Connecting to localhost/127.0.0.1:8888
21:58:44.880 [main] DEBUG o.a.h.c.protocol.RequestAddCookies - CookieSpec selected: best-match
21:58:44.880 [main] DEBUG o.a.h.c.protocol.RequestAuthCache - Auth cache not set in the context
21:58:44.880 [main] DEBUG o.a.h.impl.client.DefaultHttpClient - Attempt 1 to execute request
21:58:44.880 [main] DEBUG o.a.h.i.conn.DefaultClientConnection - Sending request: GET /order HTTP/1.1
21:58:44.881 [main] DEBUG org.apache.http.wire - &gt;&gt; "GET /order HTTP/1.1[\r][\n]"
21:58:44.881 [main] DEBUG org.apache.http.wire - &gt;&gt; "Accept: application/json, application/javascript, text/javascript[\r][\n]"
21:58:44.881 [main] DEBUG org.apache.http.wire - &gt;&gt; "Host: localhost:8888[\r][\n]"
21:58:44.882 [main] DEBUG org.apache.http.wire - &gt;&gt; "Connection: Keep-Alive[\r][\n]"
21:58:44.882 [main] DEBUG org.apache.http.wire - &gt;&gt; "Accept-Encoding: gz?p,deflate[\r][\n]"
21:58:44.882 [main] DEBUG org.apache.http.wire - &gt;&gt; "[\r][\n]"
21:58:44.882 [main] DEBUG org.apache.http.headers - &gt;&gt; GET /order HTTP/1.1
21:58:44.882 [main] DEBUG org.apache.http.headers - &gt;&gt; Accept: application/json, application/javascript, text/javascript
21:58:44.882 [main] DEBUG org.apache.http.headers - &gt;&gt; Host: localhost:8888
21:58:44.883 [main] DEBUG org.apache.http.headers - &gt;&gt; Connection: Keep-Alive
21:58:44.883 [main] DEBUG org.apache.http.headers - &gt;&gt; Accept-Encoding: gzýp,deflate
21:58:44.896 [main] DEBUG org.apache.http.wire - &lt;&lt; "HTTP/1.1 200 OK[\r][\n]"
21:58:44.896 [main] DEBUG org.apache.http.wire - &lt;&lt; "Server: Apache-Coyote/1.1[\r][\n]"
21:58:44.897 [main] DEBUG org.apache.http.wire - &lt;&lt; "Content-Type: application/json;charset=UTF-8[\r][\n]"
21:58:44.897 [main] DEBUG org.apache.http.wire - &lt;&lt; "Transfer-Encoding: chunked[\r][\n]"
21:58:44.897 [main] DEBUG org.apache.http.wire - &lt;&lt; "Date: Sun, 30 Nov 2014 19:58:44 GMT[\r][\n]"
21:58:44.897 [main] DEBUG org.apache.http.wire - &lt;&lt; "[\r][\n]"
21:58:44.897 [main] DEBUG o.a.h.i.conn.DefaultClientConnection - Receiving response: HTTP/1.1 200 OK
21:58:44.898 [main] DEBUG org.apache.http.headers - &lt;&lt; HTTP/1.1 200 OK
21:58:44.898 [main] DEBUG org.apache.http.headers - &lt;&lt; Server: Apache-Coyote/1.1
21:58:44.898 [main] DEBUG org.apache.http.headers - &lt;&lt; Content-Type: application/json;charset=UTF-8
21:58:44.898 [main] DEBUG org.apache.http.headers - &lt;&lt; Transfer-Encoding: chunked
21:58:44.898 [main] DEBUG org.apache.http.headers - &lt;&lt; Date: Sun, 30 Nov 2014 19:58:44 GMT
21:58:44.898 [main] DEBUG o.a.h.impl.client.DefaultHttpClient - Connection can be kept alive indefinitely
21:58:44.899 [main] DEBUG c.j.r.i.RequestSpecificationImpl$1 - Response code: 200; found handler: com.jayway.restassured.internal.ResponseSpecificationImpl$_HamcrestAssertionClosure_getClosure_closure1@37734b10
21:58:44.899 [main] DEBUG c.j.r.i.RequestSpecificationImpl$1 - Parsing response as: application/json
21:58:44.899 [main] DEBUG org.apache.http.wire - &lt;&lt; "6d[\r][\n]"
21:58:44.899 [main] DEBUG org.apache.http.wire - &lt;&lt; "[{"id":1,"paid":false,"items":[{"id":1,"name":"burger","price":12.00},{"id":2,"name":"chips","price":0.99}]}]"
21:58:44.900 [main] DEBUG org.apache.http.wire - &lt;&lt; "[\r][\n]"
21:58:44.900 [main] DEBUG org.apache.http.wire - &lt;&lt; "0[\r][\n]"
21:58:44.900 [main] DEBUG org.apache.http.wire - &lt;&lt; "[\r][\n]"
21:58:44.901 [main] DEBUG o.a.h.i.conn.SingleClientConnManager - Releasing connection org.apache.http.impl.conn.SingleClientConnManager$ConnAdapter@724523e0
21:58:44.904 [main] DEBUG c.j.r.i.RequestSpecificationImpl$1 - Parsed data to instance of: class net.sf.json.JSONArray
21:58:44.943 [main] DEBUG c.j.r.i.RequestSpecificationImpl$1 - GET http://localhost:8888/order
21:58:44.954 [main] DEBUG o.a.h.i.conn.SingleClientConnManager - Get connection for route HttpRoute[{}-&gt;http://localhost:8888]
21:58:44.954 [main] DEBUG o.a.h.i.c.DefaultClientConnectionOperator - Connecting to localhost/127.0.0.1:8888
21:58:44.956 [main] DEBUG o.a.h.c.protocol.RequestAddCookies - CookieSpec selected: best-match
21:58:44.956 [main] DEBUG o.a.h.c.protocol.RequestAuthCache - Auth cache not set in the context
21:58:44.957 [main] DEBUG o.a.h.impl.client.DefaultHttpClient - Attempt 1 to execute request
21:58:44.957 [main] DEBUG o.a.h.i.conn.DefaultClientConnection - Sending request: GET /order HTTP/1.1
21:58:44.957 [main] DEBUG org.apache.http.wire - &gt;&gt; "GET /order HTTP/1.1[\r][\n]"
21:58:44.958 [main] DEBUG org.apache.http.wire - &gt;&gt; "Accept: application/json, application/javascript, text/javascript[\r][\n]"
21:58:44.958 [main] DEBUG org.apache.http.wire - &gt;&gt; "Host: localhost:8888[\r][\n]"
21:58:44.958 [main] DEBUG org.apache.http.wire - &gt;&gt; "Connection: Keep-Alive[\r][\n]"
21:58:44.958 [main] DEBUG org.apache.http.wire - &gt;&gt; "Accept-Encoding: gz?p,deflate[\r][\n]"
21:58:44.958 [main] DEBUG org.apache.http.wire - &gt;&gt; "[\r][\n]"
21:58:44.959 [main] DEBUG org.apache.http.headers - &gt;&gt; GET /order HTTP/1.1
21:58:44.959 [main] DEBUG org.apache.http.headers - &gt;&gt; Accept: application/json, application/javascript, text/javascript
21:58:44.959 [main] DEBUG org.apache.http.headers - &gt;&gt; Host: localhost:8888
21:58:44.959 [main] DEBUG org.apache.http.headers - &gt;&gt; Connection: Keep-Alive
21:58:44.959 [main] DEBUG org.apache.http.headers - &gt;&gt; Accept-Encoding: gzýp,deflate
21:58:44.972 [main] DEBUG org.apache.http.wire - &lt;&lt; "HTTP/1.1 200 OK[\r][\n]"
21:58:44.973 [main] DEBUG org.apache.http.wire - &lt;&lt; "Server: Apache-Coyote/1.1[\r][\n]"
21:58:44.973 [main] DEBUG org.apache.http.wire - &lt;&lt; "Content-Type: application/json;charset=UTF-8[\r][\n]"
21:58:44.973 [main] DEBUG org.apache.http.wire - &lt;&lt; "Transfer-Encoding: chunked[\r][\n]"
21:58:44.973 [main] DEBUG org.apache.http.wire - &lt;&lt; "Date: Sun, 30 Nov 2014 19:58:44 GMT[\r][\n]"
21:58:44.974 [main] DEBUG org.apache.http.wire - &lt;&lt; "[\r][\n]"
21:58:44.974 [main] DEBUG o.a.h.i.conn.DefaultClientConnection - Receiving response: HTTP/1.1 200 OK
21:58:44.974 [main] DEBUG org.apache.http.headers - &lt;&lt; HTTP/1.1 200 OK
21:58:44.974 [main] DEBUG org.apache.http.headers - &lt;&lt; Server: Apache-Coyote/1.1
21:58:44.974 [main] DEBUG org.apache.http.headers - &lt;&lt; Content-Type: application/json;charset=UTF-8
21:58:44.974 [main] DEBUG org.apache.http.headers - &lt;&lt; Transfer-Encoding: chunked
21:58:44.974 [main] DEBUG org.apache.http.headers - &lt;&lt; Date: Sun, 30 Nov 2014 19:58:44 GMT
21:58:44.975 [main] DEBUG o.a.h.impl.client.DefaultHttpClient - Connection can be kept alive indefinitely
21:58:44.975 [main] DEBUG c.j.r.i.RequestSpecificationImpl$1 - Response code: 200; found handler: com.jayway.restassured.internal.ResponseSpecificationImpl$_HamcrestAssertionClosure_getClosure_closure1@76cf0d8
21:58:44.975 [main] DEBUG c.j.r.i.RequestSpecificationImpl$1 - Parsing response as: application/json
21:58:44.976 [main] DEBUG org.apache.http.wire - &lt;&lt; "6d[\r][\n]"
21:58:44.976 [main] DEBUG org.apache.http.wire - &lt;&lt; "[{"id":1,"paid":false,"items":[{"id":1,"name":"burger","price":12.00},{"id":2,"name":"chips","price":0.99}]}]"
21:58:44.976 [main] DEBUG org.apache.http.wire - &lt;&lt; "[\r][\n]"
21:58:44.976 [main] DEBUG org.apache.http.wire - &lt;&lt; "0[\r][\n]"
21:58:44.977 [main] DEBUG org.apache.http.wire - &lt;&lt; "[\r][\n]"
21:58:44.977 [main] DEBUG o.a.h.i.conn.SingleClientConnManager - Releasing connection org.apache.http.impl.conn.SingleClientConnManager$ConnAdapter@137f8b7
21:58:44.982 [main] DEBUG c.j.r.i.RequestSpecificationImpl$1 - Parsed data to instance of: class net.sf.json.JSONArray
</system-out>
  </testcase>
</testsuite>